2021-07-30 01:05:58,199 - instabot version: 0.117.0 (bot) - INFO - Instabot version: 0.117.0 Started
2021-07-30 01:05:58,200 - instabot version: 0.117.0 (bot) - DEBUG - Bot imported from C:\Users\Johan Sebastian\AppData\Local\Packages\PythonSoftwareFoundation.Python.3.8_qbz5n2kfra8p0\LocalCache\local-packages\Python38\site-packages\instabot\bot\bot.py
2021-07-30 01:05:58,200 - instabot version: 0.117.0 (api_login) - INFO - Not yet logged in starting: PRE-LOGIN FLOW!
2021-07-30 01:05:58,506 - instabot version: 0.117.0 (api) - DEBUG - POST to endpoint: accounts/get_prefill_candidates/ returned response: <Response [200]>
2021-07-30 01:05:58,778 - instabot version: 0.117.0 (api) - DEBUG - POST to endpoint: qe/sync/ returned response: <Response [200]>
2021-07-30 01:05:59,079 - instabot version: 0.117.0 (api) - DEBUG - POST to endpoint: launcher/sync/ returned response: <Response [200]>
2021-07-30 01:05:59,338 - instabot version: 0.117.0 (api) - DEBUG - POST to endpoint: accounts/contact_point_prefill/ returned response: <Response [200]>
2021-07-30 01:06:02,349 - instabot version: 0.117.0 (api) - DEBUG - POST to endpoint: accounts/login/ returned response: <Response [200]>
2021-07-30 01:06:02,350 - instabot version: 0.117.0 (api) - INFO - Logged-in successfully as 'johanpalmab'!
2021-07-30 01:06:02,350 - instabot version: 0.117.0 (api_login) - INFO - LOGIN FLOW! Just logged-in: True
2021-07-30 01:06:02,640 - instabot version: 0.117.0 (api) - DEBUG - POST to endpoint: qe/sync/ returned response: <Response [200]>
2021-07-30 01:06:02,940 - instabot version: 0.117.0 (api) - DEBUG - POST to endpoint: launcher/sync/ returned response: <Response [200]>
2021-07-30 01:06:03,199 - instabot version: 0.117.0 (api) - DEBUG - GET to endpoint: zr/token/result/?device_id=android-45a2ecf41403c208&token_hash=&custom_device_id=android-45a2ecf41403c208&fetch_reason=token_expired returned response: <Response [200]>
2021-07-30 01:06:03,489 - instabot version: 0.117.0 (api) - DEBUG - GET to endpoint: multiple_accounts/get_account_family/ returned response: <Response [200]>
2021-07-30 01:06:03,768 - instabot version: 0.117.0 (api) - DEBUG - POST to endpoint: qe/sync/ returned response: <Response [200]>
2021-07-30 01:06:04,407 - instabot version: 0.117.0 (api) - DEBUG - GET to endpoint: igtv/browse_feed/?prefetch=1 returned response: <Response [200]>
2021-07-30 01:06:04,690 - instabot version: 0.117.0 (api) - DEBUG - POST to endpoint: creatives/ar_class/ returned response: <Response [200]>
2021-07-30 01:06:06,597 - instabot version: 0.117.0 (api) - DEBUG - POST to endpoint: feed/reels_tray/ returned response: <Response [200]>
2021-07-30 01:06:08,227 - instabot version: 0.117.0 (api) - DEBUG - POST to endpoint: feed/timeline/ returned response: <Response [200]>
2021-07-30 01:06:08,499 - instabot version: 0.117.0 (api) - DEBUG - GET to endpoint: media/blocked/ returned response: <Response [200]>
2021-07-30 01:06:09,475 - instabot version: 0.117.0 (api) - DEBUG - GET to endpoint: news/inbox/ returned response: <Response [200]>
2021-07-30 01:06:09,746 - instabot version: 0.117.0 (api) - DEBUG - GET to endpoint: loom/fetch_config/ returned response: <Response [200]>
2021-07-30 01:06:10,445 - instabot version: 0.117.0 (api) - DEBUG - GET to endpoint: scores/bootstrap/users/?surfaces=["autocomplete_user_list","coefficient_besties_list_ranking","coefficient_rank_recipient_user_suggestion","coefficient_ios_section_test_bootstrap_ranking","coefficient_direct_recipients_ranking_variant_2"] returned response: <Response [200]>
2021-07-30 01:06:10,725 - instabot version: 0.117.0 (api) - DEBUG - GET to endpoint: business/eligibility/get_monetization_products_eligibility_data/?product_types=branded_content returned response: <Response [200]>
2021-07-30 01:06:10,986 - instabot version: 0.117.0 (api) - DEBUG - GET to endpoint: business/branded_content/should_require_professional_account/ returned response: <Response [200]>
2021-07-30 01:06:11,334 - instabot version: 0.117.0 (api) - DEBUG - GET to endpoint: linked_accounts/get_linkage_status/ returned response: <Response [200]>
2021-07-30 01:06:11,600 - instabot version: 0.117.0 (api) - DEBUG - GET to endpoint: locations/request_country/ returned response: <Response [200]>
2021-07-30 01:06:11,859 - instabot version: 0.117.0 (api) - DEBUG - GET to endpoint: qp/get_cooldowns/?signed_body=signed_body=4b9c516a5410a3bc128e09c6104a7f042146b9c2023870560c63a43a7f66781c.4&ig_sig_key_version=4&ig_sig_key_version=4 returned response: <Response [200]>
2021-07-30 01:06:12,115 - instabot version: 0.117.0 (api) - DEBUG - GET to endpoint: users/arlink_download_info/?version_override=2.2.1 returned response: <Response [200]>
2021-07-30 01:06:12,876 - instabot version: 0.117.0 (api) - DEBUG - GET to endpoint: users/2328263195/info/ returned response: <Response [200]>
2021-07-30 01:06:13,595 - instabot version: 0.117.0 (api) - DEBUG - GET to endpoint: direct_v2/get_presence/ returned response: <Response [200]>
2021-07-30 01:06:15,034 - instabot version: 0.117.0 (api) - DEBUG - GET to endpoint: direct_v2/inbox/?visual_message_return_type=unseen&thread_message_limit=10&persistentBadging=true&limit=20 returned response: <Response [200]>
2021-07-30 01:06:15,370 - instabot version: 0.117.0 (api) - DEBUG - GET to endpoint: direct_v2/inbox/?visual_message_return_type=unseen&persistentBadging=true&limit=0 returned response: <Response [200]>
2021-07-30 01:06:17,825 - instabot version: 0.117.0 (api) - DEBUG - GET to endpoint: discover/topical_explore/?is_prefetch=true&omit_cover_media=true&use_sectional_payload=true&timezone_offset=0&session_id=be87b0fa-bb85-4a71-a1e7-f8a1f85934e2&include_fixed_destinations=true returned response: <Response [200]>
2021-07-30 01:06:18,106 - instabot version: 0.117.0 (api) - DEBUG - POST to endpoint: notifications/badge/ returned response: <Response [200]>
2021-07-30 01:06:18,586 - instabot version: 0.117.0 (api) - DEBUG - POST to endpoint: qp/batch_fetch/ returned response: <Response [200]>
2021-07-30 01:06:18,590 - instabot version: 0.117.0 (bot_checkpoint) - DEBUG - Loading Checkpoint file from: D:\Proyectos\Python\Voz-Texto/config/johanpalmab.checkpoint
2021-07-30 01:06:18,590 - instabot version: 0.117.0 (bot_follow) - INFO - Follow followers of: abrusferreira_
2021-07-30 01:06:19,024 - instabot version: 0.117.0 (api) - DEBUG - GET to endpoint: users/abrusferreira_/usernameinfo/ returned response: <Response [200]>
2021-07-30 01:06:19,806 - instabot version: 0.117.0 (api) - DEBUG - GET to endpoint: users/20003864537/info/ returned response: <Response [200]>
2021-07-30 01:06:20,547 - instabot version: 0.117.0 (api) - DEBUG - GET to endpoint: friendships/20003864537/followers/?rank_token=2328263195_75ef2ed5-1e96-4404-9f01-e7c023382661 returned response: <Response [200]>
2021-07-30 01:06:21,237 - instabot version: 0.117.0 (api) - DEBUG - GET to endpoint: friendships/20003864537/followers/?rank_token=2328263195_75ef2ed5-1e96-4404-9f01-e7c023382661&max_id=100 returned response: <Response [200]>
2021-07-30 01:06:21,916 - instabot version: 0.117.0 (api) - DEBUG - GET to endpoint: friendships/20003864537/followers/?rank_token=2328263195_75ef2ed5-1e96-4404-9f01-e7c023382661&max_id=200 returned response: <Response [200]>
2021-07-30 01:06:22,517 - instabot version: 0.117.0 (api) - DEBUG - GET to endpoint: friendships/20003864537/followers/?rank_token=2328263195_75ef2ed5-1e96-4404-9f01-e7c023382661&max_id=300 returned response: <Response [200]>
2021-07-30 01:06:23,245 - instabot version: 0.117.0 (api) - DEBUG - GET to endpoint: friendships/20003864537/followers/?rank_token=2328263195_75ef2ed5-1e96-4404-9f01-e7c023382661&max_id=400 returned response: <Response [200]>
2021-07-30 01:06:23,795 - instabot version: 0.117.0 (api) - DEBUG - GET to endpoint: friendships/20003864537/followers/?rank_token=2328263195_75ef2ed5-1e96-4404-9f01-e7c023382661&max_id=500 returned response: <Response [200]>
2021-07-30 01:06:23,799 - instabot version: 0.117.0 (bot_follow) - INFO - Going to follow 507 users.
2021-07-30 01:06:23,802 - instabot version: 0.117.0 (bot_follow) - INFO - Going to follow `user_id` 16809145289.
2021-07-30 01:06:23,802 - instabot version: 0.117.0 (api) - DEBUG - post data: {"user_id": "16809145289", "radio_type": "wifi-none", "device_id": "android-45a2ecf41403c208", "_uuid": "75ef2ed5-1e96-4404-9f01-e7c023382661", "_uid": "2328263195", "_csrftoken": "Ypwjj2xjkbrVoIFKUpdfxlW473QLBIwD"}
2021-07-30 01:06:25,060 - instabot version: 0.117.0 (api) - DEBUG - POST to endpoint: friendships/create/16809145289/ returned response: <Response [200]>
2021-07-30 01:06:25,060 - instabot version: 0.117.0 (bot_follow) - INFO - Followed `user_id` 16809145289.
2021-07-30 01:06:26,426 - instabot version: 0.117.0 (api) - DEBUG - GET to endpoint: users/2328263195/info/ returned response: <Response [200]>
2021-07-30 01:06:26,876 - instabot version: 0.117.0 (api) - DEBUG - GET to endpoint: friendships/2328263195/following/?max_id=&ig_sig_key_version=4&rank_token=2328263195_75ef2ed5-1e96-4404-9f01-e7c023382661 returned response: <Response [200]>
2021-07-30 01:06:26,879 - instabot version: 0.117.0 (bot_follow) - INFO - Going to follow `user_id` 6321037150.
2021-07-30 01:10:10,258 - instabot version: 0.117.0 (bot_checkpoint) - DEBUG - Saving Checkpoint file to: D:\Proyectos\Python\Voz-Texto/config/johanpalmab.checkpoint
2021-07-30 01:10:10,259 - instabot version: 0.117.0 (bot) - INFO - Total follows: 1/96
2021-07-30 01:10:10,259 - instabot version: 0.117.0 (bot) - INFO - Total requests: 42
